<?xml version="1.0" encoding="UTF-8"?>
<testsuite name="com.seankang.package.CalculatorTests" tests="1" skipped="0" failures="0" errors="0" timestamp="2022-05-18T00:28:57" hostname="SeanMacBookProPersonal.local" time="0.039">
  <properties/>
  <testcase name="1 + 1 = 2()" classname="com.seankang.package.CalculatorTests" time="0.039"/>
  <system-out><![CDATA[]]></system-out>
  <system-err><![CDATA[]]></system-err>
</testsuite>
